This is pdfTeX, Version 3.14159265-2.6-1.40.21 (TeX Live 2020) (preloaded format=pdflatex 2020.10.15)  9 DEC 2020 18:10
entering extended mode
 restricted \write18 enabled.
 file:line:error style messages enabled.
 %&-line parsing enabled.
**"Cover Page.tex"
(./Cover Page.tex
LaTeX2e <2020-02-02> patch level 5
L3 programming layer <2020-03-06>
(/usr/local/texlive/2020/texmf-dist/tex/latex/base/article.cls
Document Class: article 2019/12/20 v1.4l Standard LaTeX document class
(/usr/local/texlive/2020/texmf-dist/tex/latex/base/size10.clo
File: size10.clo 2019/12/20 v1.4l Standard LaTeX file (size option)
)
\c@part=\count167
\c@section=\count168
\c@subsection=\count169
\c@subsubsection=\count170
\c@paragraph=\count171
\c@subparagraph=\count172
\c@figure=\count173
\c@table=\count174
\abovecaptionskip=\skip47
\belowcaptionskip=\skip48
\bibindent=\dimen134
)
(/usr/local/texlive/2020/texmf-dist/tex/latex/geometry/geometry.sty
Package: geometry 2020/01/02 v5.9 Page Geometry

(/usr/local/texlive/2020/texmf-dist/tex/latex/graphics/keyval.sty
Package: keyval 2014/10/28 v1.15 key=value parser (DPC)
\KV@toks@=\toks15
)
(/usr/local/texlive/2020/texmf-dist/tex/generic/iftex/ifvtex.sty
Package: ifvtex 2019/10/25 v1.7 ifvtex legacy package. Use iftex instead.

(/usr/local/texlive/2020/texmf-dist/tex/generic/iftex/iftex.sty
Package: iftex 2020/03/06 v1.0d TeX engine tests
))
\Gm@cnth=\count175
\Gm@cntv=\count176
\c@Gm@tempcnt=\count177
\Gm@bindingoffset=\dimen135
\Gm@wd@mp=\dimen136
\Gm@odd@mp=\dimen137
\Gm@even@mp=\dimen138
\Gm@layoutwidth=\dimen139
\Gm@layoutheight=\dimen140
\Gm@layouthoffset=\dimen141
\Gm@layoutvoffset=\dimen142
\Gm@dimlist=\toks16
)
(/usr/local/texlive/2020/texmf-dist/tex/latex/graphics/graphicx.sty
Package: graphicx 2019/11/30 v1.2a Enhanced LaTeX Graphics (DPC,SPQR)

(/usr/local/texlive/2020/texmf-dist/tex/latex/graphics/graphics.sty
Package: graphics 2019/11/30 v1.4a Standard LaTeX Graphics (DPC,SPQR)

(/usr/local/texlive/2020/texmf-dist/tex/latex/graphics/trig.sty
Package: trig 2016/01/03 v1.10 sin cos tan (DPC)
)
(/usr/local/texlive/2020/texmf-dist/tex/latex/graphics-cfg/graphics.cfg
File: graphics.cfg 2016/06/04 v1.11 sample graphics configuration
)
Package graphics Info: Driver file: pdftex.def on input line 105.

(/usr/local/texlive/2020/texmf-dist/tex/latex/graphics-def/pdftex.def
File: pdftex.def 2018/01/08 v1.0l Graphics/color driver for pdftex
))
\Gin@req@height=\dimen143
\Gin@req@width=\dimen144
)
(/usr/local/texlive/2020/texmf-dist/tex/latex/amsmath/amsmath.sty
Package: amsmath 2020/01/20 v2.17e AMS math features
\@mathmargin=\skip49

For additional information on amsmath, use the `?' option.
(/usr/local/texlive/2020/texmf-dist/tex/latex/amsmath/amstext.sty
Package: amstext 2000/06/29 v2.01 AMS text

(/usr/local/texlive/2020/texmf-dist/tex/latex/amsmath/amsgen.sty
File: amsgen.sty 1999/11/30 v2.0 generic functions
\@emptytoks=\toks17
\ex@=\dimen145
))
(/usr/local/texlive/2020/texmf-dist/tex/latex/amsmath/amsbsy.sty
Package: amsbsy 1999/11/29 v1.2d Bold Symbols
\pmbraise@=\dimen146
)
(/usr/local/texlive/2020/texmf-dist/tex/latex/amsmath/amsopn.sty
Package: amsopn 2016/03/08 v2.02 operator names
)
\inf@bad=\count178
LaTeX Info: Redefining \frac on input line 227.
\uproot@=\count179
\leftroot@=\count180
LaTeX Info: Redefining \overline on input line 389.
\classnum@=\count181
\DOTSCASE@=\count182
LaTeX Info: Redefining \ldots on input line 486.
LaTeX Info: Redefining \dots on input line 489.
LaTeX Info: Redefining \cdots on input line 610.
\Mathstrutbox@=\box45
\strutbox@=\box46
\big@size=\dimen147
LaTeX Font Info:    Redeclaring font encoding OML on input line 733.
LaTeX Font Info:    Redeclaring font encoding OMS on input line 734.
\macc@depth=\count183
\c@MaxMatrixCols=\count184
\dotsspace@=\muskip16
\c@parentequation=\count185
\dspbrk@lvl=\count186
\tag@help=\toks18
\row@=\count187
\column@=\count188
\maxfields@=\count189
\andhelp@=\toks19
\eqnshift@=\dimen148
\alignsep@=\dimen149
\tagshift@=\dimen150
\tagwidth@=\dimen151
\totwidth@=\dimen152
\lineht@=\dimen153
\@envbody=\toks20
\multlinegap=\skip50
\multlinetaggap=\skip51
\mathdisplay@stack=\toks21
LaTeX Info: Redefining \[ on input line 2859.
LaTeX Info: Redefining \] on input line 2860.
)
(/usr/local/texlive/2020/texmf-dist/tex/latex/amsfonts/amssymb.sty
Package: amssymb 2013/01/14 v3.01 AMS font symbols

(/usr/local/texlive/2020/texmf-dist/tex/latex/amsfonts/amsfonts.sty
Package: amsfonts 2013/01/14 v3.01 Basic AMSFonts support
\symAMSa=\mathgroup4
\symAMSb=\mathgroup5
LaTeX Font Info:    Redeclaring math symbol \hbar on input line 98.
LaTeX Font Info:    Overwriting math alphabet `\mathfrak' in version `bold'
(Font)                  U/euf/m/n --> U/euf/b/n on input line 106.
))
(/usr/local/texlive/2020/texmf-dist/tex/latex/hyperref/hyperref.sty
Package: hyperref 2020/01/14 v7.00d Hypertext links for LaTeX

(/usr/local/texlive/2020/texmf-dist/tex/generic/ltxcmds/ltxcmds.sty
Package: ltxcmds 2019/12/15 v1.24 LaTeX kernel commands for general use (HO)
)
(/usr/local/texlive/2020/texmf-dist/tex/latex/pdftexcmds/pdftexcmds.sty
Package: pdftexcmds 2019/11/24 v0.31 Utility functions of pdfTeX for LuaTeX (HO
)

(/usr/local/texlive/2020/texmf-dist/tex/generic/infwarerr/infwarerr.sty
Package: infwarerr 2019/12/03 v1.5 Providing info/warning/error messages (HO)
)
Package pdftexcmds Info: \pdf@primitive is available.
Package pdftexcmds Info: \pdf@ifprimitive is available.
Package pdftexcmds Info: \pdfdraftmode found.
)
(/usr/local/texlive/2020/texmf-dist/tex/generic/kvsetkeys/kvsetkeys.sty
Package: kvsetkeys 2019/12/15 v1.18 Key value parser (HO)
)
(/usr/local/texlive/2020/texmf-dist/tex/generic/kvdefinekeys/kvdefinekeys.sty
Package: kvdefinekeys 2019-12-19 v1.6 Define keys (HO)
)
(/usr/local/texlive/2020/texmf-dist/tex/generic/pdfescape/pdfescape.sty
Package: pdfescape 2019/12/09 v1.15 Implements pdfTeX's escape features (HO)
)
(/usr/local/texlive/2020/texmf-dist/tex/latex/hycolor/hycolor.sty
Package: hycolor 2020-01-27 v1.10 Color options for hyperref/bookmark (HO)
)
(/usr/local/texlive/2020/texmf-dist/tex/latex/letltxmacro/letltxmacro.sty
Package: letltxmacro 2019/12/03 v1.6 Let assignment for LaTeX macros (HO)
)
(/usr/local/texlive/2020/texmf-dist/tex/latex/auxhook/auxhook.sty
Package: auxhook 2019-12-17 v1.6 Hooks for auxiliary files (HO)
)
(/usr/local/texlive/2020/texmf-dist/tex/latex/kvoptions/kvoptions.sty
Package: kvoptions 2019/11/29 v3.13 Key value format for package options (HO)
)
\@linkdim=\dimen154
\Hy@linkcounter=\count190
\Hy@pagecounter=\count191

(/usr/local/texlive/2020/texmf-dist/tex/latex/hyperref/pd1enc.def
File: pd1enc.def 2020/01/14 v7.00d Hyperref: PDFDocEncoding definition (HO)
Now handling font encoding PD1 ...
... no UTF-8 mapping file for font encoding PD1
)
(/usr/local/texlive/2020/texmf-dist/tex/generic/intcalc/intcalc.sty
Package: intcalc 2019/12/15 v1.3 Expandable calculations with integers (HO)
)
(/usr/local/texlive/2020/texmf-dist/tex/generic/etexcmds/etexcmds.sty
Package: etexcmds 2019/12/15 v1.7 Avoid name clashes with e-TeX commands (HO)
)
\Hy@SavedSpaceFactor=\count192
Package hyperref Info: Hyper figures OFF on input line 4547.
Package hyperref Info: Link nesting OFF on input line 4552.
Package hyperref Info: Hyper index ON on input line 4555.
Package hyperref Info: Plain pages OFF on input line 4562.
Package hyperref Info: Backreferencing OFF on input line 4567.
Package hyperref Info: Implicit mode ON; LaTeX internals redefined.
Package hyperref Info: Bookmarks ON on input line 4800.
\c@Hy@tempcnt=\count193

(/usr/local/texlive/2020/texmf-dist/tex/latex/url/url.sty
\Urlmuskip=\muskip17
Package: url 2013/09/16  ver 3.4  Verb mode for urls, etc.
)
LaTeX Info: Redefining \url on input line 5159.
\XeTeXLinkMargin=\dimen155

(/usr/local/texlive/2020/texmf-dist/tex/generic/bitset/bitset.sty
Package: bitset 2019/12/09 v1.3 Handle bit-vector datatype (HO)

(/usr/local/texlive/2020/texmf-dist/tex/generic/bigintcalc/bigintcalc.sty
Package: bigintcalc 2019/12/15 v1.5 Expandable calculations on big integers (HO
)
))
\Fld@menulength=\count194
\Field@Width=\dimen156
\Fld@charsize=\dimen157
Package hyperref Info: Hyper figures OFF on input line 6430.
Package hyperref Info: Link nesting OFF on input line 6435.
Package hyperref Info: Hyper index ON on input line 6438.
Package hyperref Info: backreferencing OFF on input line 6445.
Package hyperref Info: Link coloring OFF on input line 6450.
Package hyperref Info: Link coloring with OCG OFF on input line 6455.
Package hyperref Info: PDF/A mode OFF on input line 6460.
LaTeX Info: Redefining \ref on input line 6500.
LaTeX Info: Redefining \pageref on input line 6504.

(/usr/local/texlive/2020/texmf-dist/tex/generic/atbegshi/atbegshi.sty
Package: atbegshi 2019/12/05 v1.19 At begin shipout hook (HO)
)
\Hy@abspage=\count195
\c@Item=\count196
\c@Hfootnote=\count197
)
Package hyperref Info: Driver (autodetected): hpdftex.

(/usr/local/texlive/2020/texmf-dist/tex/latex/hyperref/hpdftex.def
File: hpdftex.def 2020/01/14 v7.00d Hyperref driver for pdfTeX

(/usr/local/texlive/2020/texmf-dist/tex/latex/atveryend/atveryend.sty
Package: atveryend 2019-12-11 v1.11 Hooks at the very end of document (HO)
Package atveryend Info: \enddocument detected (standard20110627).
)
\Fld@listcount=\count198
\c@bookmark@seq@number=\count199

(/usr/local/texlive/2020/texmf-dist/tex/latex/rerunfilecheck/rerunfilecheck.sty
Package: rerunfilecheck 2019/12/05 v1.9 Rerun checks for auxiliary files (HO)

(/usr/local/texlive/2020/texmf-dist/tex/generic/uniquecounter/uniquecounter.sty
Package: uniquecounter 2019/12/15 v1.4 Provide unlimited unique counter (HO)
)
Package uniquecounter Info: New unique counter `rerunfilecheck' on input line 2
86.
)
\Hy@SectionHShift=\skip52
) (/usr/local/texlive/2020/texmf-dist/tex/latex/enumitem/enumitem.sty
Package: enumitem 2019/06/20 v3.9 Customized lists
\labelindent=\skip53
\enit@outerparindent=\dimen158
\enit@toks=\toks22
\enit@inbox=\box47
\enit@count@id=\count266
\enitdp@description=\count267
)
(/usr/local/texlive/2020/texmf-dist/tex/latex/parskip/parskip.sty
Package: parskip 2020-01-22 v2.0d non-zero parskip adjustments

(/usr/local/texlive/2020/texmf-dist/tex/latex/etoolbox/etoolbox.sty
Package: etoolbox 2019/09/21 v2.5h e-TeX tools for LaTeX (JAW)
\etb@tempcnta=\count268
))
(/usr/local/texlive/2020/texmf-dist/tex/latex/tree-dvips/lingmacros.sty
\c@enums=\count269
\widelabel=\dimen159
\c@tempcnt=\count270
\c@enumsi=\count271
\eeindent=\dimen160
)
(/usr/local/texlive/2020/texmf-dist/tex/latex/tree-dvips/tree-dvips.sty
tree-dvips version .91 of May 16, 1995
\nodemargin=\dimen161
\treelinewidth=\dimen162
\dashlength=\dimen163
\arrowwidth=\dimen164
\arrowlength=\dimen165
\arrowinset=\dimen166
\pos@t=\toks23
\pos@b=\toks24
\pos@l=\toks25
\pos@r=\toks26
\pos@tl=\toks27
\pos@tr=\toks28
\pos@bl=\toks29
\pos@br=\toks30
\@arrow=\count272
\@tempdimc=\dimen167
)
(/usr/local/texlive/2020/texmf-dist/tex/latex/pythonhighlight/pythonhighlight.s
ty
Package: pythonhighlight 2017/02/09 python code highlighting; provided by Olivi
er Verdier <olivier.verdier@gmail.com>
 (/usr/local/texlive/2020/texmf-dist/tex/latex/listings/listings.sty
\lst@mode=\count273
\lst@gtempboxa=\box48
\lst@token=\toks31
\lst@length=\count274
\lst@currlwidth=\dimen168
\lst@column=\count275
\lst@pos=\count276
\lst@lostspace=\dimen169
\lst@width=\dimen170
\lst@newlines=\count277
\lst@lineno=\count278
\lst@maxwidth=\dimen171

(/usr/local/texlive/2020/texmf-dist/tex/latex/listings/lstmisc.sty
File: lstmisc.sty 2020/03/24 1.8d (Carsten Heinz)
\c@lstnumber=\count279
\lst@skipnumbers=\count280
\lst@framebox=\box49
)
(/usr/local/texlive/2020/texmf-dist/tex/latex/listings/listings.cfg
File: listings.cfg 2020/03/24 1.8d listings configuration
))
Package: listings 2020/03/24 1.8d (Carsten Heinz)

(/usr/local/texlive/2020/texmf-dist/tex/latex/xcolor/xcolor.sty
Package: xcolor 2016/05/11 v2.12 LaTeX color extensions (UK)

(/usr/local/texlive/2020/texmf-dist/tex/latex/graphics-cfg/color.cfg
File: color.cfg 2016/01/02 v1.6 sample color configuration
)
Package xcolor Info: Driver file: pdftex.def on input line 225.
Package xcolor Info: Model `cmy' substituted by `cmy0' on input line 1348.
Package xcolor Info: Model `hsb' substituted by `rgb' on input line 1352.
Package xcolor Info: Model `RGB' extended on input line 1364.
Package xcolor Info: Model `HTML' substituted by `rgb' on input line 1366.
Package xcolor Info: Model `Hsb' substituted by `hsb' on input line 1367.
Package xcolor Info: Model `tHsb' substituted by `hsb' on input line 1368.
Package xcolor Info: Model `HSB' substituted by `hsb' on input line 1369.
Package xcolor Info: Model `Gray' substituted by `gray' on input line 1370.
Package xcolor Info: Model `wave' substituted by `hsb' on input line 1371.
))
(/usr/local/texlive/2020/texmf-dist/tex/latex/caption/caption.sty
Package: caption 2020/01/03 v3.4h Customizing captions (AR)

(/usr/local/texlive/2020/texmf-dist/tex/latex/caption/caption3.sty
Package: caption3 2020/01/03 v1.8h caption3 kernel (AR)
Package caption3 Info: TeX engine: e-TeX on input line 61.
\captionmargin=\dimen172
\captionmargin@=\dimen173
\captionwidth=\dimen174
\caption@tempdima=\dimen175
\caption@indent=\dimen176
\caption@parindent=\dimen177
\caption@hangindent=\dimen178
Package caption Info: Standard document class detected.
)
\c@caption@flags=\count281
\c@continuedfloat=\count282
Package caption Info: hyperref package is loaded.
Package caption Info: listings package is loaded.
)
(/usr/local/texlive/2020/texmf-dist/tex/latex/caption/subcaption.sty
Package: subcaption 2020/01/22 v1.3d Sub-captions (AR)
\c@subfigure=\count283
\c@subtable=\count284
)
(/usr/local/texlive/2020/texmf-dist/tex/latex/adjustbox/adjustbox.sty
Package: adjustbox 2019/01/04 v1.2 Adjusting TeX boxes (trim, clip, ...)

(/usr/local/texlive/2020/texmf-dist/tex/latex/xkeyval/xkeyval.sty
Package: xkeyval 2014/12/03 v2.7a package option processing (HA)

(/usr/local/texlive/2020/texmf-dist/tex/generic/xkeyval/xkeyval.tex
(/usr/local/texlive/2020/texmf-dist/tex/generic/xkeyval/xkvutils.tex
\XKV@toks=\toks32
\XKV@tempa@toks=\toks33
)
\XKV@depth=\count285
File: xkeyval.tex 2014/12/03 v2.7a key=value parser (HA)
))
(/usr/local/texlive/2020/texmf-dist/tex/latex/adjustbox/adjcalc.sty
Package: adjcalc 2012/05/16 v1.1 Provides advanced setlength with multiple back
-ends (calc, etex, pgfmath)
)
(/usr/local/texlive/2020/texmf-dist/tex/latex/adjustbox/trimclip.sty
Package: trimclip 2018/04/08 v1.1 Trim and clip general TeX material

(/usr/local/texlive/2020/texmf-dist/tex/latex/collectbox/collectbox.sty
Package: collectbox 2012/05/17 v0.4b Collect macro arguments as boxes
\collectedbox=\box50
)
\tc@llx=\dimen179
\tc@lly=\dimen180
\tc@urx=\dimen181
\tc@ury=\dimen182
Package trimclip Info: Using driver 'tc-pdftex.def'.

(/usr/local/texlive/2020/texmf-dist/tex/latex/adjustbox/tc-pdftex.def
File: tc-pdftex.def 2019/01/04 v2.2 Clipping driver for pdftex
))
\adjbox@Width=\dimen183
\adjbox@Height=\dimen184
\adjbox@Depth=\dimen185
\adjbox@Totalheight=\dimen186
\adjbox@pwidth=\dimen187
\adjbox@pheight=\dimen188
\adjbox@pdepth=\dimen189
\adjbox@ptotalheight=\dimen190

(/usr/local/texlive/2020/texmf-dist/tex/latex/ifoddpage/ifoddpage.sty
Package: ifoddpage 2016/04/23 v1.1 Conditionals for odd/even page detection
\c@checkoddpage=\count286
)
(/usr/local/texlive/2020/texmf-dist/tex/latex/varwidth/varwidth.sty
Package: varwidth 2009/03/30 ver 0.92;  Variable-width minipages
\@vwid@box=\box51
\sift@deathcycles=\count287
\@vwid@loff=\dimen191
\@vwid@roff=\dimen192
))
(/usr/local/texlive/2020/texmf-dist/tex/latex/l3backend/l3backend-pdfmode.def
File: l3backend-pdfmode.def 2020-03-12 L3 backend support: PDF mode
\l__kernel_color_stack_int=\count288
\l__pdf_internal_box=\box52
)
(./Cover Page.aux

LaTeX Warning: Label `fig:subim1' multiply defined.


LaTeX Warning: Label `sub@fig:subim1' multiply defined.


LaTeX Warning: Label `fig:subim2' multiply defined.


LaTeX Warning: Label `sub@fig:subim2' multiply defined.


LaTeX Warning: Label `fig:image2' multiply defined.


LaTeX Warning: Label `fig:subim1' multiply defined.


LaTeX Warning: Label `sub@fig:subim1' multiply defined.


LaTeX Warning: Label `fig:subim2' multiply defined.


LaTeX Warning: Label `sub@fig:subim2' multiply defined.


LaTeX Warning: Label `fig:image2' multiply defined.


LaTeX Warning: Label `fig:subim1' multiply defined.


LaTeX Warning: Label `sub@fig:subim1' multiply defined.


LaTeX Warning: Label `fig:subim2' multiply defined.


LaTeX Warning: Label `sub@fig:subim2' multiply defined.


LaTeX Warning: Label `fig:image2' multiply defined.


LaTeX Warning: Label `fig:subim1' multiply defined.


LaTeX Warning: Label `sub@fig:subim1' multiply defined.


LaTeX Warning: Label `fig:subim2' multiply defined.


LaTeX Warning: Label `sub@fig:subim2' multiply defined.


LaTeX Warning: Label `fig:image2' multiply defined.


LaTeX Warning: Label `fig:10steps' multiply defined.


LaTeX Warning: Label `fig:100steps' multiply defined.


LaTeX Warning: Label `fig:1000steps' multiply defined.

)
\openout1 = `"Cover Page.aux"'.

LaTeX Font Info:    Checking defaults for OML/cmm/m/it on input line 21.
LaTeX Font Info:    ... okay on input line 21.
LaTeX Font Info:    Checking defaults for OMS/cmsy/m/n on input line 21.
LaTeX Font Info:    ... okay on input line 21.
LaTeX Font Info:    Checking defaults for OT1/cmr/m/n on input line 21.
LaTeX Font Info:    ... okay on input line 21.
LaTeX Font Info:    Checking defaults for T1/cmr/m/n on input line 21.
LaTeX Font Info:    ... okay on input line 21.
LaTeX Font Info:    Checking defaults for TS1/cmr/m/n on input line 21.
LaTeX Font Info:    ... okay on input line 21.
LaTeX Font Info:    Checking defaults for OMX/cmex/m/n on input line 21.
LaTeX Font Info:    ... okay on input line 21.
LaTeX Font Info:    Checking defaults for U/cmr/m/n on input line 21.
LaTeX Font Info:    ... okay on input line 21.
LaTeX Font Info:    Checking defaults for PD1/pdf/m/n on input line 21.
LaTeX Font Info:    ... okay on input line 21.

*geometry* driver: auto-detecting
*geometry* detected driver: pdftex
*geometry* verbose mode - [ preamble ] result:
* driver: pdftex
* paper: a4paper
* layout: <same size as paper>
* layoutoffset:(h,v)=(0.0pt,0.0pt)
* modes: 
* h-part:(L,W,R)=(81.94394pt, 433.62pt, 81.94394pt)
* v-part:(T,H,B)=(77.84674pt, 650.43pt, 116.77011pt)
* \paperwidth=597.50787pt
* \paperheight=845.04684pt
* \textwidth=433.62pt
* \textheight=650.43pt
* \oddsidemargin=9.67395pt
* \evensidemargin=9.67395pt
* \topmargin=-31.42325pt
* \headheight=12.0pt
* \headsep=25.0pt
* \topskip=10.0pt
* \footskip=30.0pt
* \marginparwidth=57.0pt
* \marginparsep=11.0pt
* \columnsep=10.0pt
* \skip\footins=9.0pt plus 4.0pt minus 2.0pt
* \hoffset=0.0pt
* \voffset=0.0pt
* \mag=1000
* \@twocolumnfalse
* \@twosidefalse
* \@mparswitchfalse
* \@reversemarginfalse
* (1in=72.27pt=25.4mm, 1cm=28.453pt)

(/usr/local/texlive/2020/texmf-dist/tex/context/base/mkii/supp-pdf.mkii
[Loading MPS to PDF converter (version 2006.09.02).]
\scratchcounter=\count289
\scratchdimen=\dimen193
\scratchbox=\box53
\nofMPsegments=\count290
\nofMParguments=\count291
\everyMPshowfont=\toks34
\MPscratchCnt=\count292
\MPscratchDim=\dimen194
\MPnumerator=\count293
\makeMPintoPDFobject=\count294
\everyMPtoPDFconversion=\toks35
) (/usr/local/texlive/2020/texmf-dist/tex/latex/epstopdf-pkg/epstopdf-base.sty
Package: epstopdf-base 2020-01-24 v2.11 Base part for package epstopdf
Package epstopdf-base Info: Redefining graphics rule for `.eps' on input line 4
85.

(/usr/local/texlive/2020/texmf-dist/tex/latex/latexconfig/epstopdf-sys.cfg
File: epstopdf-sys.cfg 2010/07/13 v1.3 Configuration of (r)epstopdf for TeX Liv
e
))
\AtBeginShipoutBox=\box54
Package hyperref Info: Link coloring OFF on input line 21.

(/usr/local/texlive/2020/texmf-dist/tex/latex/hyperref/nameref.sty
Package: nameref 2019/09/16 v2.46 Cross-referencing by name of section

(/usr/local/texlive/2020/texmf-dist/tex/latex/refcount/refcount.sty
Package: refcount 2019/12/15 v3.6 Data extraction from label references (HO)
)
(/usr/local/texlive/2020/texmf-dist/tex/generic/gettitlestring/gettitlestring.s
ty
Package: gettitlestring 2019/12/15 v1.6 Cleanup title references (HO)
)
\c@section@level=\count295
)
LaTeX Info: Redefining \ref on input line 21.
LaTeX Info: Redefining \pageref on input line 21.
LaTeX Info: Redefining \nameref on input line 21.
 (./Cover Page.out) (./Cover Page.out)
\@outlinefile=\write3
\openout3 = `"Cover Page.out"'.

\c@lstlisting=\count296
Package caption Info: Begin \AtBeginDocument code.
Package caption Info: End \AtBeginDocument code.
<Logo.png, id=48, 422.57875pt x 120.45pt>
File: Logo.png Graphic file (type png)
<use Logo.png>
Package pdftex.def Info: Logo.png  used on input line 29.
(pdftex.def)             Requested size: 169.0285pt x 48.17914pt.
LaTeX Font Info:    Trying to load font information for U+msa on input line 51.


(/usr/local/texlive/2020/texmf-dist/tex/latex/amsfonts/umsa.fd
File: umsa.fd 2013/01/14 v3.01 AMS symbols A
)
LaTeX Font Info:    Trying to load font information for U+msb on input line 51.


(/usr/local/texlive/2020/texmf-dist/tex/latex/amsfonts/umsb.fd
File: umsb.fd 2013/01/14 v3.01 AMS symbols B
) [1


Non-PDF special ignored!
<special> header=tree-dvips91.pro
{/usr/local/texlive/2020/texmf-var/fonts/map/pdftex/updmap/pdftex.map} <./Logo.
png>] (./Cover Page.toc)
\tf@toc=\write4
\openout4 = `"Cover Page.toc"'.

pdfTeX warning (ext4): destination with the same identifier (name{page.1}) has 
been already used, duplicate ignored
<to be read again> 
                   \relax 
l.73 \newpage
              [1] [2]
<lattice.png, id=96, 324.21124pt x 323.2075pt>
File: lattice.png Graphic file (type png)
<use lattice.png>
Package pdftex.def Info: lattice.png  used on input line 118.
(pdftex.def)             Requested size: 130.08731pt x 129.6851pt.
<nearestneighbours.png, id=98, 193.72375pt x 195.73125pt>
File: nearestneighbours.png Graphic file (type png)
<use nearestneighbours.png>
Package pdftex.def Info: nearestneighbours.png  used on input line 124.
(pdftex.def)             Requested size: 95.39546pt x 96.38402pt.

Overfull \hbox (8.67279pt too wide) in paragraph at lines 124--126
[][]
 []

[3 <./lattice.png> <./nearestneighbours.png>]
<energy vs temp.png, id=116, 1040.688pt x 624.4128pt>
File: energy vs temp.png Graphic file (type png)
<use energy vs temp.png>
Package pdftex.def Info: energy vs temp.png  used on input line 176.
(pdftex.def)             Requested size: 216.81pt x 130.0825pt.
<mag vs temp.png, id=117, 752.3307pt x 483.4863pt>
File: mag vs temp.png Graphic file (type png)
<use mag vs temp.png>
Package pdftex.def Info: mag vs temp.png  used on input line 181.
(pdftex.def)             Requested size: 202.71991pt x 130.27745pt.


LaTeX Warning: `h' float specifier changed to `ht'.

[4] [5 <./energy vs temp.png> <./mag vs temp.png>]
<heat capacity vs temperature.png, id=139, 859.2903pt x 471.9231pt>
File: heat capacity vs temperature.png Graphic file (type png)
<use heat capacity vs temperature.png>
Package pdftex.def Info: heat capacity vs temperature.png  used on input line 2
16.
(pdftex.def)             Requested size: 257.78908pt x 141.57802pt.


Package hyperref Warning: Token not allowed in a PDF string (PDFDocEncoding):
(hyperref)                removing `math shift' on input line 223.


Package hyperref Warning: Token not allowed in a PDF string (PDFDocEncoding):
(hyperref)                removing `subscript' on input line 223.


Package hyperref Warning: Token not allowed in a PDF string (PDFDocEncoding):
(hyperref)                removing `math shift' on input line 223.

[6 <./heat capacity vs temperature.png>]

Package hyperref Warning: Token not allowed in a PDF string (PDFDocEncoding):
(hyperref)                removing `math shift' on input line 243.


Package hyperref Warning: Token not allowed in a PDF string (PDFDocEncoding):
(hyperref)                removing `subscript' on input line 243.


Package hyperref Warning: Token not allowed in a PDF string (PDFDocEncoding):
(hyperref)                removing `math shift' on input line 243.

<2D Low Temperature.png, id=152, 412.30035pt x 429.64516pt>
File: 2D Low Temperature.png Graphic file (type png)
<use 2D Low Temperature.png>
Package pdftex.def Info: 2D Low Temperature.png  used on input line 250.
(pdftex.def)             Requested size: 173.44534pt x 180.73817pt.
<mag vs temp for low temp.png, id=153, 574.90785pt x 427.1157pt>
File: mag vs temp for low temp.png Graphic file (type png)
<use mag vs temp for low temp.png>
Package pdftex.def Info: mag vs temp for low temp.png  used on input line 255.
(pdftex.def)             Requested size: 238.49231pt x 177.17801pt.

Package hyperref Warning: Token not allowed in a PDF string (PDFDocEncoding):
(hyperref)                removing `math shift' on input line 265.


Package hyperref Warning: Token not allowed in a PDF string (PDFDocEncoding):
(hyperref)                removing `\approx' on input line 265.


Package hyperref Warning: Token not allowed in a PDF string (PDFDocEncoding):
(hyperref)                removing `subscript' on input line 265.


Package hyperref Warning: Token not allowed in a PDF string (PDFDocEncoding):
(hyperref)                removing `math shift' on input line 265.

<2D Lattice Critical Temp.png, id=154, 438.6789pt x 436.87215pt>
File: 2D Lattice Critical Temp.png Graphic file (type png)
<use 2D Lattice Critical Temp.png>
Package pdftex.def Info: 2D Lattice Critical Temp.png  used on input line 270.
(pdftex.def)             Requested size: 173.44534pt x 172.73259pt.
<mag vs temp critical temp.png, id=155, 587.91644pt x 414.46844pt>
File: mag vs temp critical temp.png Graphic file (type png)
<use mag vs temp critical temp.png>
Package pdftex.def Info: mag vs temp critical temp.png  used on input line 275.

(pdftex.def)             Requested size: 238.49231pt x 168.13074pt.

LaTeX Warning: `h' float specifier changed to `ht'.


Package hyperref Warning: Token not allowed in a PDF string (PDFDocEncoding):
(hyperref)                removing `math shift' on input line 287.


Package hyperref Warning: Token not allowed in a PDF string (PDFDocEncoding):
(hyperref)                removing `subscript' on input line 287.


Package hyperref Warning: Token not allowed in a PDF string (PDFDocEncoding):
(hyperref)                removing `math shift' on input line 287.

[7 <./2D Low Temperature.png> <./mag vs temp for low temp.png>]
<2D Lattice High Temperature.png, id=163, 420.6114pt x 439.04025pt>
File: 2D Lattice High Temperature.png Graphic file (type png)
<use 2D Lattice High Temperature.png>
Package pdftex.def Info: 2D Lattice High Temperature.png  used on input line 29
6.
(pdftex.def)             Requested size: 160.43727pt x 167.46675pt.
<mag vs temp high temp.png, id=164, 544.1931pt x 379.77885pt>
File: mag vs temp high temp.png Graphic file (type png)
<use mag vs temp high temp.png>
Package pdftex.def Info: mag vs temp high temp.png  used on input line 301.
(pdftex.def)             Requested size: 221.14711pt x 154.33113pt.
 [8 <./2D Lattice Critical Temp.png> <./mag vs temp critical temp.png> <./2D La
ttice High Temperature.png> <./mag vs temp high temp.png>]
<10 steps.png, id=175, 337.5009pt x 325.215pt>
File: 10 steps.png Graphic file (type png)
<use 10 steps.png>
Package pdftex.def Info: 10 steps.png  used on input line 319.
(pdftex.def)             Requested size: 138.76157pt x 133.70622pt.
<1000 steps.png, id=176, 336.0555pt x 326.29906pt>
File: 1000 steps.png Graphic file (type png)
<use 1000 steps.png>
Package pdftex.def Info: 1000 steps.png  used on input line 323.
(pdftex.def)             Requested size: 138.76157pt x 134.73444pt.
<10,000 steps.png, id=177, 339.669pt x 325.9377pt>
File: 10,000 steps.png Graphic file (type png)
<use 10,000 steps.png>
Package pdftex.def Info: 10,000 steps.png  used on input line 327.
(pdftex.def)             Requested size: 138.76157pt x 133.1529pt.
<100,000 steps.png, id=178, 337.86224pt x 328.1058pt>
File: 100,000 steps.png Graphic file (type png)
<use 100,000 steps.png>
Package pdftex.def Info: 100,000 steps.png  used on input line 334.
(pdftex.def)             Requested size: 138.76157pt x 134.75455pt.
<1,000,000 steps.png, id=179, 339.30765pt x 328.46715pt>
File: 1,000,000 steps.png Graphic file (type png)
<use 1,000,000 steps.png>
Package pdftex.def Info: 1,000,000 steps.png  used on input line 338.
(pdftex.def)             Requested size: 138.76157pt x 134.33157pt.
<10,000,000 steps.png, id=180, 340.03035pt x 324.85365pt>
File: 10,000,000 steps.png Graphic file (type png)
<use 10,000,000 steps.png>
Package pdftex.def Info: 10,000,000 steps.png  used on input line 342.
(pdftex.def)             Requested size: 138.76157pt x 132.57124pt.
 [9 <./10 steps.png> <./1000 steps.png> <./10,000 steps.png> <./100,000 steps.p
ng> <./1,000,000 steps.png> <./10,000,000 steps.png>]
Package atveryend Info: Empty hook `BeforeClearDocument' on input line 373.
 [10]
Package atveryend Info: Empty hook `AfterLastShipout' on input line 373.
 (./Cover Page.aux)
Package atveryend Info: Executing hook `AtVeryEndDocument' on input line 373.
Package atveryend Info: Executing hook `AtEndAfterFileList' on input line 373.
Package rerunfilecheck Info: File `"Cover Page".out' has not changed.
(rerunfilecheck)             Checksum: 0414F4B3135DE1DF1A5320818346741C;780.


LaTeX Warning: There were multiply-defined labels.

Package atveryend Info: Empty hook `AtVeryVeryEnd' on input line 373.
 ) 
Here is how much of TeX's memory you used:
 11670 strings out of 480608
 176423 string characters out of 5903629
 460585 words of memory out of 5000000
 27296 multiletter control sequences out of 15000+600000
 543337 words of font info for 66 fonts, out of 8000000 for 9000
 1141 hyphenation exceptions out of 8191
 41i,12n,77p,938b,610s stack positions out of 5000i,500n,10000p,200000b,80000s
{/usr/local/texlive/2020/texmf-dist/fonts/enc/dvips/cm-super/cm-super-ts1.enc
}</usr/local/texlive/2020/texmf-dist/fonts/type1/public/amsfonts/cm/cmbx10.pfb>
</usr/local/texlive/2020/texmf-dist/fonts/type1/public/amsfonts/cm/cmbx12.pfb><
/usr/local/texlive/2020/texmf-dist/fonts/type1/public/amsfonts/cm/cmcsc10.pfb><
/usr/local/texlive/2020/texmf-dist/fonts/type1/public/amsfonts/cm/cmex10.pfb></
usr/local/texlive/2020/texmf-dist/fonts/type1/public/amsfonts/cm/cmmi10.pfb></u
sr/local/texlive/2020/texmf-dist/fonts/type1/public/amsfonts/cm/cmmi12.pfb></us
r/local/texlive/2020/texmf-dist/fonts/type1/public/amsfonts/cm/cmmi5.pfb></usr/
local/texlive/2020/texmf-dist/fonts/type1/public/amsfonts/cm/cmmi7.pfb></usr/lo
cal/texlive/2020/texmf-dist/fonts/type1/public/amsfonts/cm/cmmi8.pfb></usr/loca
l/texlive/2020/texmf-dist/fonts/type1/public/amsfonts/cm/cmmi9.pfb></usr/local/
texlive/2020/texmf-dist/fonts/type1/public/amsfonts/cm/cmr10.pfb></usr/local/te
xlive/2020/texmf-dist/fonts/type1/public/amsfonts/cm/cmr12.pfb></usr/local/texl
ive/2020/texmf-dist/fonts/type1/public/amsfonts/cm/cmr7.pfb></usr/local/texlive
/2020/texmf-dist/fonts/type1/public/amsfonts/cm/cmr9.pfb></usr/local/texlive/20
20/texmf-dist/fonts/type1/public/amsfonts/cm/cmsy10.pfb></usr/local/texlive/202
0/texmf-dist/fonts/type1/public/amsfonts/cm/cmsy7.pfb></usr/local/texlive/2020/
texmf-dist/fonts/type1/public/amsfonts/cm/cmti12.pfb></usr/local/texlive/2020/t
exmf-dist/fonts/type1/public/cm-super/sfrm1000.pfb>
Output written on "Cover Page.pdf" (11 pages, 1712607 bytes).
PDF statistics:
 282 PDF objects out of 1000 (max. 8388607)
 212 compressed objects within 3 object streams
 44 named destinations out of 1000 (max. 500000)
 179 words of extra memory for PDF output out of 10000 (max. 10000000)

