This is pdfTeX, Version 3.14159265-2.6-1.40.21 (TeX Live 2020) (preloaded format=pdflatex 2020.10.15)  14 NOV 2020 12:59
entering extended mode
 restricted \write18 enabled.
 file:line:error style messages enabled.
 %&-line parsing enabled.
**MATH3001.tex
(./MATH3001.tex
LaTeX2e <2020-02-02> patch level 5
L3 programming layer <2020-03-06>
(/usr/local/texlive/2020/texmf-dist/tex/latex/base/article.cls
Document Class: article 2019/12/20 v1.4l Standard LaTeX document class
(/usr/local/texlive/2020/texmf-dist/tex/latex/base/size12.clo
File: size12.clo 2019/12/20 v1.4l Standard LaTeX file (size option)
)
\c@part=\count167
\c@section=\count168
\c@subsection=\count169
\c@subsubsection=\count170
\c@paragraph=\count171
\c@subparagraph=\count172
\c@figure=\count173
\c@table=\count174
\abovecaptionskip=\skip47
\belowcaptionskip=\skip48
\bibindent=\dimen134
)
(/usr/local/texlive/2020/texmf-dist/tex/latex/tree-dvips/lingmacros.sty
\c@enums=\count175
\widelabel=\dimen135
\c@tempcnt=\count176
\c@enumsi=\count177
\eeindent=\dimen136
)
(/usr/local/texlive/2020/texmf-dist/tex/latex/tree-dvips/tree-dvips.sty
tree-dvips version .91 of May 16, 1995
\nodemargin=\dimen137
\treelinewidth=\dimen138
\dashlength=\dimen139
\arrowwidth=\dimen140
\arrowlength=\dimen141
\arrowinset=\dimen142
\pos@t=\toks15
\pos@b=\toks16
\pos@l=\toks17
\pos@r=\toks18
\pos@tl=\toks19
\pos@tr=\toks20
\pos@bl=\toks21
\pos@br=\toks22
\@arrow=\count178
\@tempdimc=\dimen143
) (/usr/local/texlive/2020/texmf-dist/tex/latex/geometry/geometry.sty
Package: geometry 2020/01/02 v5.9 Page Geometry

(/usr/local/texlive/2020/texmf-dist/tex/latex/graphics/keyval.sty
Package: keyval 2014/10/28 v1.15 key=value parser (DPC)
\KV@toks@=\toks23
)
(/usr/local/texlive/2020/texmf-dist/tex/generic/iftex/ifvtex.sty
Package: ifvtex 2019/10/25 v1.7 ifvtex legacy package. Use iftex instead.

(/usr/local/texlive/2020/texmf-dist/tex/generic/iftex/iftex.sty
Package: iftex 2020/03/06 v1.0d TeX engine tests
))
\Gm@cnth=\count179
\Gm@cntv=\count180
\c@Gm@tempcnt=\count181
\Gm@bindingoffset=\dimen144
\Gm@wd@mp=\dimen145
\Gm@odd@mp=\dimen146
\Gm@even@mp=\dimen147
\Gm@layoutwidth=\dimen148
\Gm@layoutheight=\dimen149
\Gm@layouthoffset=\dimen150
\Gm@layoutvoffset=\dimen151
\Gm@dimlist=\toks24
)
(/usr/local/texlive/2020/texmf-dist/tex/latex/parskip/parskip.sty
Package: parskip 2020-01-22 v2.0d non-zero parskip adjustments

(/usr/local/texlive/2020/texmf-dist/tex/latex/kvoptions/kvoptions.sty
Package: kvoptions 2019/11/29 v3.13 Key value format for package options (HO)

(/usr/local/texlive/2020/texmf-dist/tex/generic/ltxcmds/ltxcmds.sty
Package: ltxcmds 2019/12/15 v1.24 LaTeX kernel commands for general use (HO)
)
(/usr/local/texlive/2020/texmf-dist/tex/generic/kvsetkeys/kvsetkeys.sty
Package: kvsetkeys 2019/12/15 v1.18 Key value parser (HO)
))
(/usr/local/texlive/2020/texmf-dist/tex/latex/etoolbox/etoolbox.sty
Package: etoolbox 2019/09/21 v2.5h e-TeX tools for LaTeX (JAW)
\etb@tempcnta=\count182
))
(/usr/local/texlive/2020/texmf-dist/tex/latex/amsmath/amsmath.sty
Package: amsmath 2020/01/20 v2.17e AMS math features
\@mathmargin=\skip49

For additional information on amsmath, use the `?' option.
(/usr/local/texlive/2020/texmf-dist/tex/latex/amsmath/amstext.sty
Package: amstext 2000/06/29 v2.01 AMS text

(/usr/local/texlive/2020/texmf-dist/tex/latex/amsmath/amsgen.sty
File: amsgen.sty 1999/11/30 v2.0 generic functions
\@emptytoks=\toks25
\ex@=\dimen152
))
(/usr/local/texlive/2020/texmf-dist/tex/latex/amsmath/amsbsy.sty
Package: amsbsy 1999/11/29 v1.2d Bold Symbols
\pmbraise@=\dimen153
)
(/usr/local/texlive/2020/texmf-dist/tex/latex/amsmath/amsopn.sty
Package: amsopn 2016/03/08 v2.02 operator names
)
\inf@bad=\count183
LaTeX Info: Redefining \frac on input line 227.
\uproot@=\count184
\leftroot@=\count185
LaTeX Info: Redefining \overline on input line 389.
\classnum@=\count186
\DOTSCASE@=\count187
LaTeX Info: Redefining \ldots on input line 486.
LaTeX Info: Redefining \dots on input line 489.
LaTeX Info: Redefining \cdots on input line 610.
\Mathstrutbox@=\box45
\strutbox@=\box46
\big@size=\dimen154
LaTeX Font Info:    Redeclaring font encoding OML on input line 733.
LaTeX Font Info:    Redeclaring font encoding OMS on input line 734.
\macc@depth=\count188
\c@MaxMatrixCols=\count189
\dotsspace@=\muskip16
\c@parentequation=\count190
\dspbrk@lvl=\count191
\tag@help=\toks26
\row@=\count192
\column@=\count193
\maxfields@=\count194
\andhelp@=\toks27
\eqnshift@=\dimen155
\alignsep@=\dimen156
\tagshift@=\dimen157
\tagwidth@=\dimen158
\totwidth@=\dimen159
\lineht@=\dimen160
\@envbody=\toks28
\multlinegap=\skip50
\multlinetaggap=\skip51
\mathdisplay@stack=\toks29
LaTeX Info: Redefining \[ on input line 2859.
LaTeX Info: Redefining \] on input line 2860.
)
(/usr/local/texlive/2020/texmf-dist/tex/latex/hyperref/hyperref.sty
Package: hyperref 2020/01/14 v7.00d Hypertext links for LaTeX

(/usr/local/texlive/2020/texmf-dist/tex/latex/pdftexcmds/pdftexcmds.sty
Package: pdftexcmds 2019/11/24 v0.31 Utility functions of pdfTeX for LuaTeX (HO
)

(/usr/local/texlive/2020/texmf-dist/tex/generic/infwarerr/infwarerr.sty
Package: infwarerr 2019/12/03 v1.5 Providing info/warning/error messages (HO)
)
Package pdftexcmds Info: \pdf@primitive is available.
Package pdftexcmds Info: \pdf@ifprimitive is available.
Package pdftexcmds Info: \pdfdraftmode found.
)
(/usr/local/texlive/2020/texmf-dist/tex/generic/kvdefinekeys/kvdefinekeys.sty
Package: kvdefinekeys 2019-12-19 v1.6 Define keys (HO)
)
(/usr/local/texlive/2020/texmf-dist/tex/generic/pdfescape/pdfescape.sty
Package: pdfescape 2019/12/09 v1.15 Implements pdfTeX's escape features (HO)
)
(/usr/local/texlive/2020/texmf-dist/tex/latex/hycolor/hycolor.sty
Package: hycolor 2020-01-27 v1.10 Color options for hyperref/bookmark (HO)
)
(/usr/local/texlive/2020/texmf-dist/tex/latex/letltxmacro/letltxmacro.sty
Package: letltxmacro 2019/12/03 v1.6 Let assignment for LaTeX macros (HO)
)
(/usr/local/texlive/2020/texmf-dist/tex/latex/auxhook/auxhook.sty
Package: auxhook 2019-12-17 v1.6 Hooks for auxiliary files (HO)
)
\@linkdim=\dimen161
\Hy@linkcounter=\count195
\Hy@pagecounter=\count196

(/usr/local/texlive/2020/texmf-dist/tex/latex/hyperref/pd1enc.def
File: pd1enc.def 2020/01/14 v7.00d Hyperref: PDFDocEncoding definition (HO)
Now handling font encoding PD1 ...
... no UTF-8 mapping file for font encoding PD1
)
(/usr/local/texlive/2020/texmf-dist/tex/generic/intcalc/intcalc.sty
Package: intcalc 2019/12/15 v1.3 Expandable calculations with integers (HO)
)
(/usr/local/texlive/2020/texmf-dist/tex/generic/etexcmds/etexcmds.sty
Package: etexcmds 2019/12/15 v1.7 Avoid name clashes with e-TeX commands (HO)
)
\Hy@SavedSpaceFactor=\count197
Package hyperref Info: Hyper figures OFF on input line 4547.
Package hyperref Info: Link nesting OFF on input line 4552.
Package hyperref Info: Hyper index ON on input line 4555.
Package hyperref Info: Plain pages OFF on input line 4562.
Package hyperref Info: Backreferencing OFF on input line 4567.
Package hyperref Info: Implicit mode ON; LaTeX internals redefined.
Package hyperref Info: Bookmarks ON on input line 4800.
\c@Hy@tempcnt=\count198

(/usr/local/texlive/2020/texmf-dist/tex/latex/url/url.sty
\Urlmuskip=\muskip17
Package: url 2013/09/16  ver 3.4  Verb mode for urls, etc.
)
LaTeX Info: Redefining \url on input line 5159.
\XeTeXLinkMargin=\dimen162

(/usr/local/texlive/2020/texmf-dist/tex/generic/bitset/bitset.sty
Package: bitset 2019/12/09 v1.3 Handle bit-vector datatype (HO)

(/usr/local/texlive/2020/texmf-dist/tex/generic/bigintcalc/bigintcalc.sty
Package: bigintcalc 2019/12/15 v1.5 Expandable calculations on big integers (HO
)
))
\Fld@menulength=\count199
\Field@Width=\dimen163
\Fld@charsize=\dimen164
Package hyperref Info: Hyper figures OFF on input line 6430.
Package hyperref Info: Link nesting OFF on input line 6435.
Package hyperref Info: Hyper index ON on input line 6438.
Package hyperref Info: backreferencing OFF on input line 6445.
Package hyperref Info: Link coloring OFF on input line 6450.
Package hyperref Info: Link coloring with OCG OFF on input line 6455.
Package hyperref Info: PDF/A mode OFF on input line 6460.
LaTeX Info: Redefining \ref on input line 6500.
LaTeX Info: Redefining \pageref on input line 6504.

(/usr/local/texlive/2020/texmf-dist/tex/generic/atbegshi/atbegshi.sty
Package: atbegshi 2019/12/05 v1.19 At begin shipout hook (HO)
)
\Hy@abspage=\count266
\c@Item=\count267
\c@Hfootnote=\count268
)
Package hyperref Info: Driver (autodetected): hpdftex.

(/usr/local/texlive/2020/texmf-dist/tex/latex/hyperref/hpdftex.def
File: hpdftex.def 2020/01/14 v7.00d Hyperref driver for pdfTeX

(/usr/local/texlive/2020/texmf-dist/tex/latex/atveryend/atveryend.sty
Package: atveryend 2019-12-11 v1.11 Hooks at the very end of document (HO)
)
\Fld@listcount=\count269
\c@bookmark@seq@number=\count270

(/usr/local/texlive/2020/texmf-dist/tex/latex/rerunfilecheck/rerunfilecheck.sty
Package: rerunfilecheck 2019/12/05 v1.9 Rerun checks for auxiliary files (HO)

(/usr/local/texlive/2020/texmf-dist/tex/generic/uniquecounter/uniquecounter.sty
Package: uniquecounter 2019/12/15 v1.4 Provide unlimited unique counter (HO)
)
Package uniquecounter Info: New unique counter `rerunfilecheck' on input line 2
86.
)
\Hy@SectionHShift=\skip52
) (/usr/local/texlive/2020/texmf-dist/tex/latex/cleveref/cleveref.sty
Package: cleveref 2018/03/27 v0.21.4 Intelligent cross-referencing
Package cleveref Info: `hyperref' support loaded on input line 2370.
LaTeX Info: Redefining \cref on input line 2370.
LaTeX Info: Redefining \Cref on input line 2370.
LaTeX Info: Redefining \crefrange on input line 2370.
LaTeX Info: Redefining \Crefrange on input line 2370.
LaTeX Info: Redefining \cpageref on input line 2370.
LaTeX Info: Redefining \Cpageref on input line 2370.
LaTeX Info: Redefining \cpagerefrange on input line 2370.
LaTeX Info: Redefining \Cpagerefrange on input line 2370.
LaTeX Info: Redefining \labelcref on input line 2370.
LaTeX Info: Redefining \labelcpageref on input line 2370.
)
(/usr/local/texlive/2020/texmf-dist/tex/latex/autonum/autonum.sty
Package: autonum 2015/01/18 v0.3.11 Automatic numbering of equations

(/usr/local/texlive/2020/texmf-dist/tex/latex/etextools/etextools.sty
Package: etextools 2010/12/07 v3.1415926 e-TeX more useful tools for LaTeX pack
age writers

(/usr/local/texlive/2020/texmf-dist/tex/latex/etex-pkg/etex.sty
Package: etex 2016/08/01 v2.7 eTeX basic definition package (PEB,DPC)


Package etex Warning: Extended allocation already in use.
(etex)                etex.sty code will not be used.
(etex)                To force etex package to load, add
(etex)                \RequirePackage{etex}
(etex)                at the start of the document.

)
\ettl@fter=\count271
\ettl@for@nested=\count272
) (/usr/local/texlive/2020/texmf-dist/tex/latex/textpos/textpos.sty
Package: textpos 2019/04/15 v1.9.1

Package: textpos 2019/04/15 1.9.1, absolute positioning of text on the page
(/usr/local/texlive/2020/texmf-dist/tex/latex/ms/everyshi.sty
Package: everyshi 2001/05/15 v3.00 EveryShipout Package (MS)
)
\TP@textbox=\box47
\TP@holdbox=\box48
\TPHorizModule=\dimen165
\TPVertModule=\dimen166
\TP@margin=\dimen167
\TP@absmargin=\dimen168

Grid set 16 x 16 = 37.34424pt x 52.81541pt
\TPboxrulesize=\dimen169
\TP@ox=\dimen170
\TP@oy=\dimen171
\TP@tbargs=\toks30
\TP@prevdepth=\dimen172
TextBlockOrigin set to 0pt x 0pt
)
\c@autonum@counter=\count273
)
(/usr/local/texlive/2020/texmf-dist/tex/latex/pythonhighlight/pythonhighlight.s
ty
Package: pythonhighlight 2017/02/09 python code highlighting; provided by Olivi
er Verdier <olivier.verdier@gmail.com>
 (/usr/local/texlive/2020/texmf-dist/tex/latex/listings/listings.sty
\lst@mode=\count274
\lst@gtempboxa=\box49
\lst@token=\toks31
\lst@length=\count275
\lst@currlwidth=\dimen173
\lst@column=\count276
\lst@pos=\count277
\lst@lostspace=\dimen174
\lst@width=\dimen175
\lst@newlines=\count278
\lst@lineno=\count279
\lst@maxwidth=\dimen176

(/usr/local/texlive/2020/texmf-dist/tex/latex/listings/lstmisc.sty
File: lstmisc.sty 2020/03/24 1.8d (Carsten Heinz)
\c@lstnumber=\count280
\lst@skipnumbers=\count281
\lst@framebox=\box50
)
(/usr/local/texlive/2020/texmf-dist/tex/latex/listings/listings.cfg
File: listings.cfg 2020/03/24 1.8d listings configuration
))
Package: listings 2020/03/24 1.8d (Carsten Heinz)

(/usr/local/texlive/2020/texmf-dist/tex/latex/xcolor/xcolor.sty
Package: xcolor 2016/05/11 v2.12 LaTeX color extensions (UK)

(/usr/local/texlive/2020/texmf-dist/tex/latex/graphics-cfg/color.cfg
File: color.cfg 2016/01/02 v1.6 sample color configuration
)
Package xcolor Info: Driver file: pdftex.def on input line 225.

(/usr/local/texlive/2020/texmf-dist/tex/latex/graphics-def/pdftex.def
File: pdftex.def 2018/01/08 v1.0l Graphics/color driver for pdftex
)
Package xcolor Info: Model `cmy' substituted by `cmy0' on input line 1348.
Package xcolor Info: Model `hsb' substituted by `rgb' on input line 1352.
Package xcolor Info: Model `RGB' extended on input line 1364.
Package xcolor Info: Model `HTML' substituted by `rgb' on input line 1366.
Package xcolor Info: Model `Hsb' substituted by `hsb' on input line 1367.
Package xcolor Info: Model `tHsb' substituted by `hsb' on input line 1368.
Package xcolor Info: Model `HSB' substituted by `hsb' on input line 1369.
Package xcolor Info: Model `Gray' substituted by `gray' on input line 1370.
Package xcolor Info: Model `wave' substituted by `hsb' on input line 1371.
))
(/usr/local/texlive/2020/texmf-dist/tex/latex/graphics/graphicx.sty
Package: graphicx 2019/11/30 v1.2a Enhanced LaTeX Graphics (DPC,SPQR)

(/usr/local/texlive/2020/texmf-dist/tex/latex/graphics/graphics.sty
Package: graphics 2019/11/30 v1.4a Standard LaTeX Graphics (DPC,SPQR)

(/usr/local/texlive/2020/texmf-dist/tex/latex/graphics/trig.sty
Package: trig 2016/01/03 v1.10 sin cos tan (DPC)
)
(/usr/local/texlive/2020/texmf-dist/tex/latex/graphics-cfg/graphics.cfg
File: graphics.cfg 2016/06/04 v1.11 sample graphics configuration
)
Package graphics Info: Driver file: pdftex.def on input line 105.
)
\Gin@req@height=\dimen177
\Gin@req@width=\dimen178
)
(/usr/local/texlive/2020/texmf-dist/tex/latex/caption/caption.sty
Package: caption 2020/01/03 v3.4h Customizing captions (AR)

(/usr/local/texlive/2020/texmf-dist/tex/latex/caption/caption3.sty
Package: caption3 2020/01/03 v1.8h caption3 kernel (AR)
Package caption3 Info: TeX engine: e-TeX on input line 61.
\captionmargin=\dimen179
\captionmargin@=\dimen180
\captionwidth=\dimen181
\caption@tempdima=\dimen182
\caption@indent=\dimen183
\caption@parindent=\dimen184
\caption@hangindent=\dimen185
Package caption Info: Standard document class detected.
)
\c@caption@flags=\count282
\c@continuedfloat=\count283
Package caption Info: hyperref package is loaded.
Package caption Info: listings package is loaded.
)
(/usr/local/texlive/2020/texmf-dist/tex/latex/caption/subcaption.sty
Package: subcaption 2020/01/22 v1.3d Sub-captions (AR)
\c@subfigure=\count284
\c@subtable=\count285
)
(/usr/local/texlive/2020/texmf-dist/tex/latex/adjustbox/adjustbox.sty
Package: adjustbox 2019/01/04 v1.2 Adjusting TeX boxes (trim, clip, ...)

(/usr/local/texlive/2020/texmf-dist/tex/latex/xkeyval/xkeyval.sty
Package: xkeyval 2014/12/03 v2.7a package option processing (HA)

(/usr/local/texlive/2020/texmf-dist/tex/generic/xkeyval/xkeyval.tex
(/usr/local/texlive/2020/texmf-dist/tex/generic/xkeyval/xkvutils.tex
\XKV@toks=\toks32
\XKV@tempa@toks=\toks33
)
\XKV@depth=\count286
File: xkeyval.tex 2014/12/03 v2.7a key=value parser (HA)
))
(/usr/local/texlive/2020/texmf-dist/tex/latex/adjustbox/adjcalc.sty
Package: adjcalc 2012/05/16 v1.1 Provides advanced setlength with multiple back
-ends (calc, etex, pgfmath)
)
(/usr/local/texlive/2020/texmf-dist/tex/latex/adjustbox/trimclip.sty
Package: trimclip 2018/04/08 v1.1 Trim and clip general TeX material

(/usr/local/texlive/2020/texmf-dist/tex/latex/collectbox/collectbox.sty
Package: collectbox 2012/05/17 v0.4b Collect macro arguments as boxes
\collectedbox=\box51
)
\tc@llx=\dimen186
\tc@lly=\dimen187
\tc@urx=\dimen188
\tc@ury=\dimen189
Package trimclip Info: Using driver 'tc-pdftex.def'.

(/usr/local/texlive/2020/texmf-dist/tex/latex/adjustbox/tc-pdftex.def
File: tc-pdftex.def 2019/01/04 v2.2 Clipping driver for pdftex
))
\adjbox@Width=\dimen190
\adjbox@Height=\dimen191
\adjbox@Depth=\dimen192
\adjbox@Totalheight=\dimen193
\adjbox@pwidth=\dimen194
\adjbox@pheight=\dimen195
\adjbox@pdepth=\dimen196
\adjbox@ptotalheight=\dimen197

(/usr/local/texlive/2020/texmf-dist/tex/latex/ifoddpage/ifoddpage.sty
Package: ifoddpage 2016/04/23 v1.1 Conditionals for odd/even page detection
\c@checkoddpage=\count287
)
(/usr/local/texlive/2020/texmf-dist/tex/latex/varwidth/varwidth.sty
Package: varwidth 2009/03/30 ver 0.92;  Variable-width minipages
\@vwid@box=\box52
\sift@deathcycles=\count288
\@vwid@loff=\dimen198
\@vwid@roff=\dimen199
))
(/usr/local/texlive/2020/texmf-dist/tex/latex/l3backend/l3backend-pdfmode.def
File: l3backend-pdfmode.def 2020-03-12 L3 backend support: PDF mode
\l__kernel_color_stack_int=\count289
\l__pdf_internal_box=\box53
)
(./MATH3001.aux

LaTeX Warning: Label `fig:estimated_mean' multiply defined.


LaTeX Warning: Label `fig:estimated_mean@cref' multiply defined.


LaTeX Warning: Label `fig:mc_randomness' multiply defined.


LaTeX Warning: Label `fig:mc_randomness@cref' multiply defined.


LaTeX Warning: Label `fig:mc_randomness' multiply defined.


LaTeX Warning: Label `fig:mc_randomness@cref' multiply defined.


LaTeX Warning: Label `fig:mc_randomness' multiply defined.


LaTeX Warning: Label `fig:mc_randomness@cref' multiply defined.


LaTeX Warning: Label `fig:subim1' multiply defined.


LaTeX Warning: Label `fig:subim1@cref' multiply defined.


LaTeX Warning: Label `sub@fig:subim1' multiply defined.


LaTeX Warning: Label `sub@fig:subim1@cref' multiply defined.


LaTeX Warning: Label `fig:subim2' multiply defined.


LaTeX Warning: Label `fig:subim2@cref' multiply defined.


LaTeX Warning: Label `sub@fig:subim2' multiply defined.


LaTeX Warning: Label `sub@fig:subim2@cref' multiply defined.


LaTeX Warning: Label `fig:image2' multiply defined.


LaTeX Warning: Label `fig:image2@cref' multiply defined.


LaTeX Warning: Label `fig:mc_randomness' multiply defined.


LaTeX Warning: Label `fig:mc_randomness@cref' multiply defined.


LaTeX Warning: Label `fig:subim1' multiply defined.


LaTeX Warning: Label `fig:subim1@cref' multiply defined.


LaTeX Warning: Label `sub@fig:subim1' multiply defined.


LaTeX Warning: Label `sub@fig:subim1@cref' multiply defined.


LaTeX Warning: Label `fig:subim2' multiply defined.


LaTeX Warning: Label `fig:subim2@cref' multiply defined.


LaTeX Warning: Label `sub@fig:subim2' multiply defined.


LaTeX Warning: Label `sub@fig:subim2@cref' multiply defined.


LaTeX Warning: Label `fig:image2' multiply defined.


LaTeX Warning: Label `fig:image2@cref' multiply defined.


LaTeX Warning: Label `fig:subim1' multiply defined.


LaTeX Warning: Label `fig:subim1@cref' multiply defined.


LaTeX Warning: Label `sub@fig:subim1' multiply defined.


LaTeX Warning: Label `sub@fig:subim1@cref' multiply defined.


LaTeX Warning: Label `fig:subim2' multiply defined.


LaTeX Warning: Label `fig:subim2@cref' multiply defined.


LaTeX Warning: Label `sub@fig:subim2' multiply defined.


LaTeX Warning: Label `sub@fig:subim2@cref' multiply defined.


LaTeX Warning: Label `fig:image2' multiply defined.


LaTeX Warning: Label `fig:image2@cref' multiply defined.

)
\openout1 = `MATH3001.aux'.

LaTeX Font Info:    Checking defaults for OML/cmm/m/it on input line 17.
LaTeX Font Info:    ... okay on input line 17.
LaTeX Font Info:    Checking defaults for OMS/cmsy/m/n on input line 17.
LaTeX Font Info:    ... okay on input line 17.
LaTeX Font Info:    Checking defaults for OT1/cmr/m/n on input line 17.
LaTeX Font Info:    ... okay on input line 17.
LaTeX Font Info:    Checking defaults for T1/cmr/m/n on input line 17.
LaTeX Font Info:    ... okay on input line 17.
LaTeX Font Info:    Checking defaults for TS1/cmr/m/n on input line 17.
LaTeX Font Info:    ... okay on input line 17.
LaTeX Font Info:    Checking defaults for OMX/cmex/m/n on input line 17.
LaTeX Font Info:    ... okay on input line 17.
LaTeX Font Info:    Checking defaults for U/cmr/m/n on input line 17.
LaTeX Font Info:    ... okay on input line 17.
LaTeX Font Info:    Checking defaults for PD1/pdf/m/n on input line 17.
LaTeX Font Info:    ... okay on input line 17.

*geometry* driver: auto-detecting
*geometry* detected driver: pdftex
*geometry* verbose mode - [ preamble ] result:
* driver: pdftex
* paper: a4paper
* layout: <same size as paper>
* layoutoffset:(h,v)=(0.0pt,0.0pt)
* modes: 
* h-part:(L,W,R)=(81.94394pt, 433.62pt, 81.94394pt)
* v-part:(T,H,B)=(77.84674pt, 650.43pt, 116.77011pt)
* \paperwidth=597.50787pt
* \paperheight=845.04684pt
* \textwidth=433.62pt
* \textheight=650.43pt
* \oddsidemargin=9.67395pt
* \evensidemargin=9.67395pt
* \topmargin=-31.42325pt
* \headheight=12.0pt
* \headsep=25.0pt
* \topskip=12.0pt
* \footskip=30.0pt
* \marginparwidth=44.0pt
* \marginparsep=10.0pt
* \columnsep=10.0pt
* \skip\footins=10.8pt plus 4.0pt minus 2.0pt
* \hoffset=0.0pt
* \voffset=0.0pt
* \mag=1000
* \@twocolumnfalse
* \@twosidefalse
* \@mparswitchfalse
* \@reversemarginfalse
* (1in=72.27pt=25.4mm, 1cm=28.453pt)

\AtBeginShipoutBox=\box54
Package hyperref Info: Link coloring OFF on input line 17.
(/usr/local/texlive/2020/texmf-dist/tex/latex/hyperref/nameref.sty
Package: nameref 2019/09/16 v2.46 Cross-referencing by name of section

(/usr/local/texlive/2020/texmf-dist/tex/latex/refcount/refcount.sty
Package: refcount 2019/12/15 v3.6 Data extraction from label references (HO)
)
(/usr/local/texlive/2020/texmf-dist/tex/generic/gettitlestring/gettitlestring.s
ty
Package: gettitlestring 2019/12/15 v1.6 Cleanup title references (HO)
)
\c@section@level=\count290
)
LaTeX Info: Redefining \ref on input line 17.
LaTeX Info: Redefining \pageref on input line 17.
LaTeX Info: Redefining \nameref on input line 17.
 (./MATH3001.out) (./MATH3001.out)
\@outlinefile=\write3
\openout3 = `MATH3001.out'.

 ABD: EveryShipout initializing macros
\autonum@environmentWidth=\skip53
\c@lstlisting=\count291

(/usr/local/texlive/2020/texmf-dist/tex/context/base/mkii/supp-pdf.mkii
[Loading MPS to PDF converter (version 2006.09.02).]
\scratchcounter=\count292
\scratchdimen=\dimen256
\scratchbox=\box55
\nofMPsegments=\count293
\nofMParguments=\count294
\everyMPshowfont=\toks34
\MPscratchCnt=\count295
\MPscratchDim=\dimen257
\MPnumerator=\count296
\makeMPintoPDFobject=\count297
\everyMPtoPDFconversion=\toks35
) (/usr/local/texlive/2020/texmf-dist/tex/latex/epstopdf-pkg/epstopdf-base.sty
Package: epstopdf-base 2020-01-24 v2.11 Base part for package epstopdf
Package epstopdf-base Info: Redefining graphics rule for `.eps' on input line 4
85.

(/usr/local/texlive/2020/texmf-dist/tex/latex/latexconfig/epstopdf-sys.cfg
File: epstopdf-sys.cfg 2010/07/13 v1.3 Configuration of (r)epstopdf for TeX Liv
e
))
Package caption Info: Begin \AtBeginDocument code.
Package caption Info: End \AtBeginDocument code.
<Normal_1000.png, id=4, 710.655pt x 513.92pt>
File: Normal_1000.png Graphic file (type png)
<use Normal_1000.png>
Package pdftex.def Info: Normal_1000.png  used on input line 31.
(pdftex.def)             Requested size: 173.44534pt x 125.42923pt.
<Normal_10000.png, id=6, 752.8125pt x 542.025pt>
File: Normal_10000.png Graphic file (type png)
<use Normal_10000.png>
Package pdftex.def Info: Normal_10000.png  used on input line 37.
(pdftex.def)             Requested size: 177.78578pt x 128.00446pt.
<Estimated Mean, 10,000 to 100,000.png, id=7, 800.7516pt x 410.4936pt>
File: Estimated Mean, 10,000 to 100,000.png Graphic file (type png)
<use Estimated Mean, 10,000 to 100,000.png>
Package pdftex.def Info: Estimated Mean, 10,000 to 100,000.png  used on input l
ine 53.
(pdftex.def)             Requested size: 360.33488pt x 184.72041pt.

[1{/usr/local/texlive/2020/texmf-var/fonts/map/pdftex/updmap/pdftex.map}


Non-PDF special ignored!
<special> header=tree-dvips91.pro
 <./Normal_1000.png> <./Normal_10000.png>]
<1,000 to 10,000 5 percent error.png, id=25, 733.17915pt x 387.72855pt>
File: 1,000 to 10,000 5 percent error.png Graphic file (type png)
<use 1,000 to 10,000 5 percent error.png>
Package pdftex.def Info: 1,000 to 10,000 5 percent error.png  used on input lin
e 62.
(pdftex.def)             Requested size: 216.81pt x 114.65106pt.
<Exponential N = 10,000.png, id=26, 764.97795pt x 390.258pt>
File: Exponential N = 10,000.png Graphic file (type png)
<use Exponential N = 10,000.png>
Package pdftex.def Info: Exponential N = 10,000.png  used on input line 67.
(pdftex.def)             Requested size: 223.31403pt x 113.92223pt.

Overfull \hbox (6.50403pt too wide) in paragraph at lines 67--68
[][] 
 []


Overfull \hbox (2.61108pt too wide) in paragraph at lines 61--71
[]$[]$ $[]$ 
 []

<10,000 to 100,000.png, id=27, 787.0203pt x 420.6114pt>
File: 10,000 to 100,000.png Graphic file (type png)
<use 10,000 to 100,000.png>
Package pdftex.def Info: 10,000 to 100,000.png  used on input line 86.
(pdftex.def)             Requested size: 354.15587pt x 189.27338pt.

LaTeX Warning: `!h' float specifier changed to `!ht'.

[2 <./Estimated Mean, 10,000 to 100,000.png> <./1,000 to 10,000 5 percent error
.png> <./Exponential N = 10,000.png>]pdfTeX warning (ext4): destination with th
e same identifier (name{equation.0.1}) has been already used, duplicate ignored

<to be read again> 
                   \relax 
l.98 \]
       pdfTeX warning (ext4): destination with the same identifier (name{equati
on.0.1}) has been already used, duplicate ignored
<to be read again> 
                   \relax 
l.98 \]
       pdfTeX warning (ext4): destination with the same identifier (name{equati
on.0.1}) has been already used, duplicate ignored
<to be read again> 
                   \relax 
l.98 \]
       pdfTeX warning (ext4): destination with the same identifier (name{equati
on.0.1}) has been already used, duplicate ignored
<to be read again> 
                   \relax 
l.98 \]
        [3 <./10,000 to 100,000.png>]pdfTeX warning (ext4): destination with th
e same identifier (name{equation.0.1}) has been already used, duplicate ignored

<to be read again> 
                   \relax 
l.118 \begin{equation}
                      pdfTeX warning (ext4): destination with the same identifi
er (name{equation.0.1}) has been already used, duplicate ignored
<to be read again> 
                   \relax 
l.118 \begin{equation}
                      pdfTeX warning (ext4): destination with the same identifi
er (name{equation.0.1}) has been already used, duplicate ignored
<to be read again> 
                   \relax 
l.118 \begin{equation}
                      pdfTeX warning (ext4): destination with the same identifi
er (name{equation.0.1}) has been already used, duplicate ignored
<to be read again> 
                   \relax 
l.118 \begin{equation}
                      pdfTeX warning (ext4): destination with the same identifi
er (name{equation.0.1}) has been already used, duplicate ignored
<to be read again> 
                   \relax 
l.123 \begin{equation}
                      pdfTeX warning (ext4): destination with the same identifi
er (name{equation.0.1}) has been already used, duplicate ignored
<to be read again> 
                   \relax 
l.123 \begin{equation}
                      pdfTeX warning (ext4): destination with the same identifi
er (name{equation.0.1}) has been already used, duplicate ignored
<to be read again> 
                   \relax 
l.123 \begin{equation}
                      pdfTeX warning (ext4): destination with the same identifi
er (name{equation.0.1}) has been already used, duplicate ignored
<to be read again> 
                   \relax 
l.123 \begin{equation}
                       [4]pdfTeX warning (ext4): destination with the same iden
tifier (name{equation.0.1}) has been already used, duplicate ignored
<to be read again> 
                   \relax 
l.157 \begin{equation}
                      pdfTeX warning (ext4): destination with the same identifi
er (name{equation.0.1}) has been already used, duplicate ignored
<to be read again> 
                   \relax 
l.157 \begin{equation}
                      pdfTeX warning (ext4): destination with the same identifi
er (name{equation.0.1}) has been already used, duplicate ignored
<to be read again> 
                   \relax 
l.157 \begin{equation}
                      pdfTeX warning (ext4): destination with the same identifi
er (name{equation.0.1}) has been already used, duplicate ignored
<to be read again> 
                   \relax 
l.157 \begin{equation}
                      pdfTeX warning (ext4): destination with the same identifi
er (name{equation.0.1}) has been already used, duplicate ignored
<to be read again> 
                   \relax 
l.161 \begin{equation}
                      pdfTeX warning (ext4): destination with the same identifi
er (name{equation.0.1}) has been already used, duplicate ignored
<to be read again> 
                   \relax 
l.161 \begin{equation}
                      pdfTeX warning (ext4): destination with the same identifi
er (name{equation.0.1}) has been already used, duplicate ignored
<to be read again> 
                   \relax 
l.161 \begin{equation}
                      pdfTeX warning (ext4): destination with the same identifi
er (name{equation.0.1}) has been already used, duplicate ignored
<to be read again> 
                   \relax 
l.161 \begin{equation}
                      pdfTeX warning (ext4): destination with the same identifi
er (name{equation.0.1}) has been already used, duplicate ignored
<to be read again> 
                   \relax 
l.166 \begin{equation}
                      pdfTeX warning (ext4): destination with the same identifi
er (name{equation.0.1}) has been already used, duplicate ignored
<to be read again> 
                   \relax 
l.166 \begin{equation}
                      pdfTeX warning (ext4): destination with the same identifi
er (name{equation.0.1}) has been already used, duplicate ignored
<to be read again> 
                   \relax 
l.166 \begin{equation}
                      pdfTeX warning (ext4): destination with the same identifi
er (name{equation.0.1}) has been already used, duplicate ignored
<to be read again> 
                   \relax 
l.166 \begin{equation}
                      pdfTeX warning (ext4): destination with the same identifi
er (name{equation.0.1}) has been already used, duplicate ignored
<to be read again> 
                   \relax 
l.172 \begin{equation}
                      pdfTeX warning (ext4): destination with the same identifi
er (name{equation.0.1}) has been already used, duplicate ignored
<to be read again> 
                   \relax 
l.172 \begin{equation}
                      pdfTeX warning (ext4): destination with the same identifi
er (name{equation.0.1}) has been already used, duplicate ignored
<to be read again> 
                   \relax 
l.172 \begin{equation}
                      pdfTeX warning (ext4): destination with the same identifi
er (name{equation.0.1}) has been already used, duplicate ignored
<to be read again> 
                   \relax 
l.172 \begin{equation}
                       [5]
<HW1.png, id=67, 1040.688pt x 624.4128pt>
File: HW1.png Graphic file (type png)
<use HW1.png>
Package pdftex.def Info: HW1.png  used on input line 195.
(pdftex.def)             Requested size: 364.24626pt x 218.54774pt.
<Integral_Errors.png, id=68, 923.45pt x 542.025pt>
File: Integral_Errors.png Graphic file (type png)
<use Integral_Errors.png>
Package pdftex.def Info: Integral_Errors.png  used on input line 204.
(pdftex.def)             Requested size: 350.91464pt x 205.97163pt.
 [6 <./HW1.png> <./Integral_Errors.png>]
<Trap Simp Error.png, id=77, 923.45pt x 542.025pt>
File: Trap Simp Error.png Graphic file (type png)
<use Trap Simp Error.png>
Package pdftex.def Info: Trap Simp Error.png  used on input line 214.
(pdftex.def)             Requested size: 350.91464pt x 205.97163pt.
<loglog_errors.png, id=78, 895.345pt x 542.025pt>
File: loglog_errors.png Graphic file (type png)
<use loglog_errors.png>
Package pdftex.def Info: loglog_errors.png  used on input line 222.
(pdftex.def)             Requested size: 340.23463pt x 205.97163pt.
 [7 <./Trap Simp Error.png> <./loglog_errors.png>]
LaTeX Font Info:    Trying to load font information for OMS+cmr on input line 2
41.

(/usr/local/texlive/2020/texmf-dist/tex/latex/base/omscmr.fd
File: omscmr.fd 2019/12/16 v2.5j Standard LaTeX font definitions
)
LaTeX Font Info:    Font shape `OMS/cmr/m/n' in size <12> not available
(Font)              Font shape `OMS/cmsy/m/n' tried instead on input line 241.
<Integral Estimation vs Actual Integral.png, id=88, 475.7775pt x 285.065pt>
File: Integral Estimation vs Actual Integral.png Graphic file (type png)
<use Integral Estimation vs Actual Integral.png>
Package pdftex.def Info: Integral Estimation vs Actual Integral.png  used on in
put line 251.
(pdftex.def)             Requested size: 216.81pt x 129.90486pt.
<unit circle with variance bounds.png, id=89, 569.9694pt x 405.1938pt>
File: unit circle with variance bounds.png Graphic file (type png)
<use unit circle with variance bounds.png>
Package pdftex.def Info: unit circle with variance bounds.png  used on input li
ne 256.
(pdftex.def)             Requested size: 173.44865pt x 123.30261pt.

Overfull \hbox (2.61108pt too wide) in paragraph at lines 250--260
[]$[]$ $[]$ 
 []


Underfull \hbox (badness 10000) in paragraph at lines 266--267

 []

pdfTeX warning (ext4): destination with the same identifier (name{equation.0.1}
) has been already used, duplicate ignored
<to be read again> 
                   \relax 
l.274 \begin{equation}
                      pdfTeX warning (ext4): destination with the same identifi
er (name{equation.0.1}) has been already used, duplicate ignored
<to be read again> 
                   \relax 
l.274 \begin{equation}
                      pdfTeX warning (ext4): destination with the same identifi
er (name{equation.0.1}) has been already used, duplicate ignored
<to be read again> 
                   \relax 
l.274 \begin{equation}
                      pdfTeX warning (ext4): destination with the same identifi
er (name{equation.0.1}) has been already used, duplicate ignored
<to be read again> 
                   \relax 
l.274 \begin{equation}
                       [8 <./Integral Estimation vs Actual Integral.png> <./uni
t circle with variance bounds.png>]
<Normal Plot Error Changes with N copy.png, id=99, 731.01105pt x 409.0482pt>
File: Normal Plot Error Changes with N copy.png Graphic file (type png)
<use Normal Plot Error Changes with N copy.png>
Package pdftex.def Info: Normal Plot Error Changes with N copy.png  used on inp
ut line 286.
(pdftex.def)             Requested size: 219.30501pt x 122.7154pt.
<error vs N normal graph copy.png, id=100, 603.81586pt x 398.56905pt>
File: error vs N normal graph copy.png Graphic file (type png)
<use error vs N normal graph copy.png>
Package pdftex.def Info: error vs N normal graph copy.png  used on input line 2
95.
(pdftex.def)             Requested size: 216.81pt x 143.10768pt.
<20,000 copy.png, id=101, 419.52734pt x 321.24014pt>
File: 20,000 copy.png Graphic file (type png)
<use 20,000 copy.png>
Package pdftex.def Info: 20,000 copy.png  used on input line 300.
(pdftex.def)             Requested size: 195.12767pt x 149.41432pt.

Overfull \hbox (2.61108pt too wide) in paragraph at lines 294--304
[]$[]$ $[]$ 
 []


LaTeX Warning: Command \textendash invalid in math mode on input line 315.


LaTeX Warning: Command \textendash invalid in math mode on input line 315.


LaTeX Warning: Command \textendash invalid in math mode on input line 315.


LaTeX Warning: Command \textendash invalid in math mode on input line 315.

[9 <./Normal Plot Error Changes with N copy.png> <./error vs N normal graph cop
y.png> <./20,000 copy.png>]
<error from analytic result.png, id=111, 462.528pt x 346.896pt>
File: error from analytic result.png Graphic file (type png)
<use error from analytic result.png>
Package pdftex.def Info: error from analytic result.png  used on input line 321
.
(pdftex.def)             Requested size: 216.81pt x 162.60709pt.
<variance.png, id=112, 462.528pt x 346.896pt>
File: variance.png Graphic file (type png)
<use variance.png>
Package pdftex.def Info: variance.png  used on input line 326.
(pdftex.def)             Requested size: 216.81pt x 162.60709pt.

Overfull \hbox (2.61108pt too wide) in paragraph at lines 320--330
[]$[]$ $[]$ 
 []

[10 <./error from analytic result.png> <./variance.png>] [11] [12] [13]
Package atveryend Info: Empty hook `BeforeClearDocument' on input line 515.

[14]
Package atveryend Info: Empty hook `AfterLastShipout' on input line 515.
 (./MATH3001.aux)
Package atveryend Info: Executing hook `AtVeryEndDocument' on input line 515.
Package atveryend Info: Executing hook `AtEndAfterFileList' on input line 515.
Package rerunfilecheck Info: File `MATH3001.out' has not changed.
(rerunfilecheck)             Checksum: D41D8CD98F00B204E9800998ECF8427E;0.


LaTeX Warning: There were multiply-defined labels.

 ) 
Here is how much of TeX's memory you used:
 13029 strings out of 480608
 212923 string characters out of 5903629
 501954 words of memory out of 5000000
 28655 multiletter control sequences out of 15000+600000
 540326 words of font info for 50 fonts, out of 8000000 for 9000
 1141 hyphenation exceptions out of 8191
 41i,17n,77p,815b,606s stack positions out of 5000i,500n,10000p,200000b,80000s
</usr/local/texlive/2020/texmf-dist/fonts/type1/public/amsfonts/cm/cmbx12.pfb
></usr/local/texlive/2020/texmf-dist/fonts/type1/public/amsfonts/cm/cmex10.pfb>
</usr/local/texlive/2020/texmf-dist/fonts/type1/public/amsfonts/cm/cmmi10.pfb><
/usr/local/texlive/2020/texmf-dist/fonts/type1/public/amsfonts/cm/cmmi12.pfb></
usr/local/texlive/2020/texmf-dist/fonts/type1/public/amsfonts/cm/cmmi6.pfb></us
r/local/texlive/2020/texmf-dist/fonts/type1/public/amsfonts/cm/cmmi8.pfb></usr/
local/texlive/2020/texmf-dist/fonts/type1/public/amsfonts/cm/cmr10.pfb></usr/lo
cal/texlive/2020/texmf-dist/fonts/type1/public/amsfonts/cm/cmr12.pfb></usr/loca
l/texlive/2020/texmf-dist/fonts/type1/public/amsfonts/cm/cmr6.pfb></usr/local/t
exlive/2020/texmf-dist/fonts/type1/public/amsfonts/cm/cmr8.pfb></usr/local/texl
ive/2020/texmf-dist/fonts/type1/public/amsfonts/cm/cmsy10.pfb></usr/local/texli
ve/2020/texmf-dist/fonts/type1/public/amsfonts/cm/cmsy6.pfb></usr/local/texlive
/2020/texmf-dist/fonts/type1/public/amsfonts/cm/cmsy8.pfb>
Output written on MATH3001.pdf (14 pages, 3145029 bytes).
PDF statistics:
 197 PDF objects out of 1000 (max. 8388607)
 132 compressed objects within 2 object streams
 46 named destinations out of 1000 (max. 500000)
 86 words of extra memory for PDF output out of 10000 (max. 10000000)

